0 info it worked if it ends with ok
1 verbose cli [ '/Users/Wesleu/.nvm/v0.10.33/bin/node',
1 verbose cli   '/Users/Wesleu/.nvm/v0.10.33/bin/npm',
1 verbose cli   'install',
1 verbose cli   'cherrio',
1 verbose cli   '--save' ]
2 info using npm@1.4.28
3 info using node@v0.10.33
4 warn package.json node_web_scraper@1.0.0 No repository field.
5 verbose readDependencies using package.json deps
6 verbose cache add [ 'cherrio', null ]
7 verbose cache add name=undefined spec="cherrio" args=["cherrio",null]
8 verbose parsed url { protocol: null,
8 verbose parsed url   slashes: null,
8 verbose parsed url   auth: null,
8 verbose parsed url   host: null,
8 verbose parsed url   port: null,
8 verbose parsed url   hostname: null,
8 verbose parsed url   hash: null,
8 verbose parsed url   search: null,
8 verbose parsed url   query: null,
8 verbose parsed url   pathname: 'cherrio',
8 verbose parsed url   path: 'cherrio',
8 verbose parsed url   href: 'cherrio' }
9 silly lockFile 6cf1d75a-cherrio cherrio
10 verbose lock cherrio /Users/Wesleu/.npm/6cf1d75a-cherrio.lock
11 silly lockFile 6cf1d75a-cherrio cherrio
12 silly lockFile 6cf1d75a-cherrio cherrio
13 verbose addNamed [ 'cherrio', '' ]
14 verbose addNamed [ null, '*' ]
15 silly lockFile b66f2ba4-cherrio cherrio@
16 verbose lock cherrio@ /Users/Wesleu/.npm/b66f2ba4-cherrio.lock
17 silly addNameRange { name: 'cherrio', range: '*', hasData: false }
18 verbose request where is /cherrio
19 verbose request registry https://registry.npmjs.org/
20 verbose request id 21b6b568ec4ca9e7
21 verbose url raw /cherrio
22 verbose url resolving [ 'https://registry.npmjs.org/', './cherrio' ]
23 verbose url resolved https://registry.npmjs.org/cherrio
24 verbose request where is https://registry.npmjs.org/cherrio
25 info trying registry request attempt 1 at 12:06:05
26 http GET https://registry.npmjs.org/cherrio
27 http 404 https://registry.npmjs.org/cherrio
28 verbose headers { server: 'CouchDB/1.5.0 (Erlang OTP/R16B03)',
28 verbose headers   'content-type': 'application/json',
28 verbose headers   'cache-control': 'max-age=0',
28 verbose headers   'content-length': '51',
28 verbose headers   'accept-ranges': 'bytes',
28 verbose headers   date: 'Tue, 04 Aug 2015 19:06:09 GMT',
28 verbose headers   via: '1.1 varnish',
28 verbose headers   age: '0',
28 verbose headers   connection: 'keep-alive',
28 verbose headers   'x-served-by': 'cache-lax1429-LAX',
28 verbose headers   'x-cache': 'MISS',
28 verbose headers   'x-cache-hits': '0',
28 verbose headers   'x-timer': 'S1438715169.279855,VS0,VE45' }
29 silly registry.get cb [ 404,
29 silly registry.get   { server: 'CouchDB/1.5.0 (Erlang OTP/R16B03)',
29 silly registry.get     'content-type': 'application/json',
29 silly registry.get     'cache-control': 'max-age=0',
29 silly registry.get     'content-length': '51',
29 silly registry.get     'accept-ranges': 'bytes',
29 silly registry.get     date: 'Tue, 04 Aug 2015 19:06:09 GMT',
29 silly registry.get     via: '1.1 varnish',
29 silly registry.get     age: '0',
29 silly registry.get     connection: 'keep-alive',
29 silly registry.get     'x-served-by': 'cache-lax1429-LAX',
29 silly registry.get     'x-cache': 'MISS',
29 silly registry.get     'x-cache-hits': '0',
29 silly registry.get     'x-timer': 'S1438715169.279855,VS0,VE45' } ]
30 silly lockFile b66f2ba4-cherrio cherrio@
31 silly lockFile b66f2ba4-cherrio cherrio@
32 error 404 404 Not Found: cherrio
32 error 404
32 error 404 'cherrio' is not in the npm registry.
32 error 404 You should bug the author to publish it
32 error 404 It was specified as a dependency of 'node_web_scraper'
32 error 404
32 error 404 Note that you can also install from a
32 error 404 tarball, folder, or http url, or git url.
33 error System Darwin 14.4.0
34 error command "/Users/Wesleu/.nvm/v0.10.33/bin/node" "/Users/Wesleu/.nvm/v0.10.33/bin/npm" "install" "cherrio" "--save"
35 error cwd /Users/Wesleu/lighthouse/07_week/node_web_scraper
36 error node -v v0.10.33
37 error npm -v 1.4.28
38 error code E404
39 verbose exit [ 1, true ]
